Building [skaffold-boot]...
===> DETECTING
[detector] 8 of 19 buildpacks participating
[detector] paketo-buildpacks/ca-certificates   3.0.1
[detector] paketo-buildpacks/bellsoft-liberica 9.0.1
[detector] paketo-buildpacks/syft              1.0.1
[detector] paketo-buildpacks/gradle            6.0.1
[detector] paketo-buildpacks/executable-jar    6.0.1
[detector] paketo-buildpacks/apache-tomcat     7.0.1
[detector] paketo-buildpacks/dist-zip          5.0.1
[detector] paketo-buildpacks/spring-boot       5.1.0
===> ANALYZING
[analyzer] Restoring metadata for "paketo-buildpacks/ca-certificates:helper" from app image
[analyzer] Restoring metadata for "paketo-buildpacks/bellsoft-liberica:helper" from app image
[analyzer] Restoring metadata for "paketo-buildpacks/bellsoft-liberica:java-security-properties" from app image
[analyzer] Restoring metadata for "paketo-buildpacks/bellsoft-liberica:jre" from app image
[analyzer] Restoring metadata for "paketo-buildpacks/bellsoft-liberica:jdk" from cache
[analyzer] Restoring metadata for "paketo-buildpacks/syft:syft" from cache
[analyzer] Restoring metadata for "paketo-buildpacks/gradle:application" from cache
[analyzer] Restoring metadata for "paketo-buildpacks/gradle:cache" from cache
[analyzer] Restoring metadata for "paketo-buildpacks/spring-boot:helper" from app image
[analyzer] Restoring metadata for "paketo-buildpacks/spring-boot:spring-cloud-bindings" from app image
[analyzer] Restoring metadata for "paketo-buildpacks/spring-boot:web-application-type" from app image
===> RESTORING
[restorer] Restoring data for "paketo-buildpacks/bellsoft-liberica:jdk" from cache
[restorer] Restoring data for "paketo-buildpacks/syft:syft" from cache
[restorer] Restoring data for "paketo-buildpacks/gradle:application" from cache
[restorer] Restoring data for "paketo-buildpacks/gradle:cache" from cache
===> BUILDING
[builder]
[builder] Paketo CA Certificates Buildpack 3.0.1
[builder]   https://github.com/paketo-buildpacks/ca-certificates
[builder]   Launch Helper: Reusing cached layer
[builder]
[builder] Paketo BellSoft Liberica Buildpack 9.0.1
[builder]   https://github.com/paketo-buildpacks/bellsoft-liberica
[builder]   Build Configuration:
[builder]     $BP_JVM_TYPE                 JRE             the JVM type - JDK or JRE
[builder]     $BP_JVM_VERSION              11              the Java version
[builder]   Launch Configuration:
[builder]     $BPL_DEBUG_ENABLED           false           enables Java remote debugging support
[builder]     $BPL_DEBUG_PORT              8000            configure the remote debugging port
[builder]     $BPL_DEBUG_SUSPEND           false           configure whether to suspend execution until a debugger has attached
[builder]     $BPL_HEAP_DUMP_PATH                          write heap dumps on error to this path
[builder]     $BPL_JAVA_NMT_ENABLED        true            enables Java Native Memory Tracking (NMT)
[builder]     $BPL_JAVA_NMT_LEVEL          summary         configure level of NMT, summary or detail
[builder]     $BPL_JFR_ARGS                                configure custom Java Flight Recording (JFR) arguments
[builder]     $BPL_JFR_ENABLED             false           enables Java Flight Recording (JFR)
[builder]     $BPL_JMX_ENABLED             false           enables Java Management Extensions (JMX)
[builder]     $BPL_JMX_PORT                5000            configure the JMX port
[builder]     $BPL_JVM_HEAD_ROOM           0               the headroom in memory calculation
[builder]     $BPL_JVM_LOADED_CLASS_COUNT  35% of classes  the number of loaded classes in memory calculation
[builder]     $BPL_JVM_THREAD_COUNT        250             the number of threads in memory calculation
[builder]     $JAVA_TOOL_OPTIONS                           the JVM launch flags
[builder]   BellSoft Liberica JDK 11.0.13: Reusing cached layer
[builder]   BellSoft Liberica JRE 11.0.13: Reusing cached layer
[builder]   Launch Helper: Reusing cached layer
[builder]   Java Security Properties: Reusing cached layer
[builder]
[builder] Paketo Syft Buildpack 1.0.1
[builder]   https://github.com/paketo-buildpacks/syft
[builder]
[builder] Paketo Gradle Buildpack 6.0.1
[builder]   https://github.com/paketo-buildpacks/gradle
[builder]   Build Configuration:
[builder]     $BP_GRADLE_BUILD_ARGUMENTS  --no-daemon assemble  the arguments to pass to Gradle
[builder]     $BP_GRADLE_BUILT_ARTIFACT   build/libs/*.[jw]ar   the built application artifact explicitly.  Supersedes $BP_GRADLE_BUILT_MODULE
[builder]     $BP_GRADLE_BUILT_MODULE                           the module to find application artifact in
[builder]     Creating cache directory /home/cnb/.gradle
[builder]   Compiled Application: Contributing to layer
[builder]     Executing gradlew --no-daemon assemble
[builder]       To honour the JVM settings for this build a single-use Daemon process will be forked. See https://docs.gradle.org/7.2/userguide/gradle_daemon.html#sec:disabling_the_daemon.
[builder]       Daemon will be stopped at the end of the build
[builder]       > Task :compileKotlin
[builder]       > Task :compileJava NO-SOURCE
[builder]       > Task :processResources
[builder]       > Task :classes
[builder]       > Task :bootJarMainClassName
[builder]       > Task :bootJar
[builder]       > Task :inspectClassesForKotlinIC
[builder]       > Task :jar
[builder]       > Task :assemble
[builder]
[builder]       BUILD SUCCESSFUL in 51s
[builder]       6 actionable tasks: 6 executed
[builder]   Removing source code
[builder]
[builder] Paketo Executable JAR Buildpack 6.0.1
[builder]   https://github.com/paketo-buildpacks/executable-jar
[builder]   Class Path: Contributing to layer
[builder]     Writing env/CLASSPATH.delim
[builder]     Writing env/CLASSPATH.prepend
[builder]   Process types:
[builder]     executable-jar: java org.springframework.boot.loader.JarLauncher (direct)
[builder]     task:           java org.springframework.boot.loader.JarLauncher (direct)
[builder]     web:            java org.springframework.boot.loader.JarLauncher (direct)
[builder]
[builder] Paketo Spring Boot Buildpack 5.1.0
[builder]   https://github.com/paketo-buildpacks/spring-boot
[builder]   Creating slices from layers index
[builder]     dependencies
[builder]     spring-boot-loader
[builder]     snapshot-dependencies
[builder]     application
[builder]   Launch Helper: Reusing cached layer
[builder]   Spring Cloud Bindings 1.8.0: Reusing cached layer
[builder]   Web Application Type: Contributing to layer
[builder]     Servlet web application detected
[builder]     Writing env.launch/BPL_JVM_THREAD_COUNT.default
[builder]   4 application slices
[builder]   Image labels:
[builder]     org.springframework.boot.version
===> EXPORTING
[exporter] Reusing layer 'paketo-buildpacks/ca-certificates:helper'
[exporter] Reusing layer 'paketo-buildpacks/bellsoft-liberica:helper'
[exporter] Reusing layer 'paketo-buildpacks/bellsoft-liberica:java-security-properties'
[exporter] Reusing layer 'paketo-buildpacks/bellsoft-liberica:jre'
[exporter] Reusing layer 'paketo-buildpacks/executable-jar:classpath'
[exporter] Reusing layer 'paketo-buildpacks/spring-boot:helper'
[exporter] Reusing layer 'paketo-buildpacks/spring-boot:spring-cloud-bindings'
[exporter] Reusing layer 'paketo-buildpacks/spring-boot:web-application-type'
[exporter] Reusing 4/5 app layer(s)
[exporter] Adding 1/5 app layer(s)
[exporter] Reusing layer 'launcher'
[exporter] Reusing layer 'config'
[exporter] Reusing layer 'process-types'
[exporter] Adding label 'io.buildpacks.lifecycle.metadata'
[exporter] Adding label 'io.buildpacks.build.metadata'
[exporter] Adding label 'io.buildpacks.project.metadata'
[exporter] Adding label 'org.springframework.boot.version'
[exporter] Setting default process type 'web'
[exporter] Saving skaffold-boot:latest...
[exporter] *** Images (8b274644ca8c):
[exporter]       skaffold-boot:latest
[exporter] Reusing cache layer 'paketo-buildpacks/bellsoft-liberica:jdk'
[exporter] Reusing cache layer 'paketo-buildpacks/syft:syft'
[exporter] Adding cache layer 'paketo-buildpacks/gradle:application'
[exporter] Adding cache layer 'paketo-buildpacks/gradle:cache'
Tags used in deployment:
 - skaffold-boot -> skaffold-boot:8b274644ca8c09f5a57cdb9dae15656b496853a1ef819c8026c8ca6d84e2ec2c
Starting deploy...