Building [skaffold-boot]...
> Task :_skaffoldFailIfJibOutOfDate
> Task :compileKotlin
> Task :compileJava NO-SOURCE
> Task :processResources UP-TO-DATE
> Task :classes UP-TO-DATE

> Task :jibDockerBuild

Containerizing application to Docker daemon as skaffold-boot:b0b116f-dirty...
Base image 'adoptopenjdk:11-jre' does not use a specific image digest - build may not be reproducible
Getting manifest for base image adoptopenjdk:11-jre...
Building dependencies layer...
Building resources layer...
Building classes layer...
Building jvm arg files layer...
The base image requires auth. Trying again for adoptopenjdk:11-jre...
Using base image with digest: sha256:ad6431b2e2a6f8016aa6d79c3f588783af9fdc06cafe131fd0d3faf560914b13

Container entrypoint set to [java, -cp, @/app/jib-classpath-file, com.example.templateservice.TemplateServiceApplicationKt]
Loading to Docker daemon...

Built image to Docker daemon as skaffold-boot:b0b116f-dirty

BUILD SUCCESSFUL in 4s
4 actionable tasks: 3 executed, 1 up-to-date
Tags used in deployment:
 - skaffold-boot -> skaffold-boot:d381022dc5ce230d0b2ef122395f8ebfb6a565a9907c10d89448973a8ecbf2b5
Starting deploy...